[2026-03-05 12:58:22,370: INFO: main: Welcome to our custom logging datascience project]
[2026-03-06 13:47:34,496: INFO: main: Welcome to our custom logging datascience project]
[2026-03-06 13:47:34,497: INFO: main: >>>>>> stage Data Ingestion stage started <<<<<<]
[2026-03-06 13:47:34,498: INFO: common: yaml file: config\config.yaml loaded successfully]
[2026-03-06 13:47:34,502: INFO: common: yaml file: params.yaml loaded successfully]
[2026-03-06 13:47:34,502: ERROR: main: yaml file is empty]
Traceback (most recent call last):
  File "D:\Personal_projects\ML_OPS\datascienceproject_1\src\datascience\utils\common.py", line 20, in read_yaml
    return ConfigBox(content)
           ^^^^^^^^^^^^^^^^^^
  File "box/box.py", line 301, in box.box.Box.__init__
box.exceptions.BoxValueError: First argument must be mapping or iterable

During handling of the above exception, another exception occurred:

Traceback (most recent call last):
  File "D:\Personal_projects\ML_OPS\datascienceproject_1\main.py", line 11, in <module>
    data_ingestion.initiate_data_ingestion()
  File "D:\Personal_projects\ML_OPS\datascienceproject_1\src\datascience\pipeline\data_ingestion.py", line 12, in initiate_data_ingestion
    config = Configurationmanager()
             ^^^^^^^^^^^^^^^^^^^^^^
  File "D:\Personal_projects\ML_OPS\datascienceproject_1\src\datascience\config\configuration.py", line 10, in __init__
    self.params = read_yaml(params_filepath)
                  ^^^^^^^^^^^^^^^^^^^^^^^^^^
  File "D:\Personal_projects\ML_OPS\datascienceproject_1\venv\Lib\site-packages\ensure\main.py", line 872, in __call__
    return_val = self.f(*args, **kwargs)
                 ^^^^^^^^^^^^^^^^^^^^^^^
  File "D:\Personal_projects\ML_OPS\datascienceproject_1\src\datascience\utils\common.py", line 22, in read_yaml
    raise ValueError("yaml file is empty")
ValueError: yaml file is empty
[2026-03-06 13:51:59,476: INFO: main: Welcome to our custom logging datascience project]
[2026-03-06 13:51:59,477: INFO: main: >>>>>> stage Data Ingestion stage started <<<<<<]
[2026-03-06 13:51:59,478: INFO: common: yaml file: config\config.yaml loaded successfully]
[2026-03-06 13:51:59,478: INFO: common: yaml file: params.yaml loaded successfully]
[2026-03-06 13:51:59,479: ERROR: main: yaml file is empty]
Traceback (most recent call last):
  File "D:\Personal_projects\ML_OPS\datascienceproject_1\src\datascience\utils\common.py", line 20, in read_yaml
    return ConfigBox(content)
           ^^^^^^^^^^^^^^^^^^
  File "box/box.py", line 301, in box.box.Box.__init__
box.exceptions.BoxValueError: First argument must be mapping or iterable

During handling of the above exception, another exception occurred:

Traceback (most recent call last):
  File "D:\Personal_projects\ML_OPS\datascienceproject_1\main.py", line 11, in <module>
    data_ingestion.initiate_data_ingestion()
  File "D:\Personal_projects\ML_OPS\datascienceproject_1\src\datascience\pipeline\data_ingestion.py", line 12, in initiate_data_ingestion
    config = Configurationmanager()
             ^^^^^^^^^^^^^^^^^^^^^^
  File "D:\Personal_projects\ML_OPS\datascienceproject_1\src\datascience\config\configuration.py", line 20, in __init__
    self.params = read_yaml(params_filepath)
                  ^^^^^^^^^^^^^^^^^^^^^^^^^^
  File "D:\Personal_projects\ML_OPS\datascienceproject_1\venv\Lib\site-packages\ensure\main.py", line 872, in __call__
    return_val = self.f(*args, **kwargs)
                 ^^^^^^^^^^^^^^^^^^^^^^^
  File "D:\Personal_projects\ML_OPS\datascienceproject_1\src\datascience\utils\common.py", line 22, in read_yaml
    raise ValueError("yaml file is empty")
ValueError: yaml file is empty
[2026-03-06 13:52:13,015: INFO: main: Welcome to our custom logging datascience project]
[2026-03-06 13:52:13,016: INFO: main: >>>>>> stage Data Ingestion stage started <<<<<<]
[2026-03-06 13:52:13,017: INFO: common: yaml file: config\config.yaml loaded successfully]
[2026-03-06 13:52:13,017: INFO: common: yaml file: params.yaml loaded successfully]
[2026-03-06 13:52:13,017: ERROR: main: yaml file is empty]
Traceback (most recent call last):
  File "D:\Personal_projects\ML_OPS\datascienceproject_1\src\datascience\utils\common.py", line 20, in read_yaml
    return ConfigBox(content)
           ^^^^^^^^^^^^^^^^^^
  File "box/box.py", line 301, in box.box.Box.__init__
box.exceptions.BoxValueError: First argument must be mapping or iterable

During handling of the above exception, another exception occurred:

Traceback (most recent call last):
  File "D:\Personal_projects\ML_OPS\datascienceproject_1\main.py", line 11, in <module>
    data_ingestion.initiate_data_ingestion()
  File "D:\Personal_projects\ML_OPS\datascienceproject_1\src\datascience\pipeline\data_ingestion.py", line 12, in initiate_data_ingestion
    config = Configurationmanager()
             ^^^^^^^^^^^^^^^^^^^^^^
  File "D:\Personal_projects\ML_OPS\datascienceproject_1\src\datascience\config\configuration.py", line 20, in __init__
    self.params = read_yaml(params_filepath)
                  ^^^^^^^^^^^^^^^^^^^^^^^^^^
  File "D:\Personal_projects\ML_OPS\datascienceproject_1\venv\Lib\site-packages\ensure\main.py", line 872, in __call__
    return_val = self.f(*args, **kwargs)
                 ^^^^^^^^^^^^^^^^^^^^^^^
  File "D:\Personal_projects\ML_OPS\datascienceproject_1\src\datascience\utils\common.py", line 22, in read_yaml
    raise ValueError("yaml file is empty")
ValueError: yaml file is empty
[2026-03-06 13:53:29,212: INFO: main: Welcome to our custom logging datascience project]
[2026-03-06 13:53:29,214: INFO: main: >>>>>> stage Data Ingestion stage started <<<<<<]
[2026-03-06 13:53:29,214: INFO: common: yaml file: config\config.yaml loaded successfully]
[2026-03-06 13:53:29,214: WARNING: common: params.yaml is empty. Returning empty config.]
[2026-03-06 13:53:29,214: WARNING: common: schema.yaml is empty. Returning empty config.]
[2026-03-06 13:53:29,217: INFO: common: created directory at: artifacts]
[2026-03-06 13:53:29,217: INFO: common: created directory at: artifacts/data_ingestion]
[2026-03-06 13:53:30,467: INFO: data_ingestion: artifacts/data_ingestion/data.zip download! with following info: 
Connection: close
Content-Length: 23329
Cache-Control: max-age=300
Content-Security-Policy: default-src 'none'; style-src 'unsafe-inline'; sandbox
Content-Type: application/zip
ETag: "c69888a4ae59bc5a893392785a938ccd4937981c06ba8a9d6a21aa52b4ab5b6e"
Strict-Transport-Security: max-age=31536000
X-Content-Type-Options: nosniff
X-Frame-Options: deny
X-XSS-Protection: 1; mode=block
X-GitHub-Request-Id: 3638:3E952C:B52B0:D8696:69AA8F00
Accept-Ranges: bytes
Date: Fri, 06 Mar 2026 08:23:30 GMT
Via: 1.1 varnish
X-Served-By: cache-del-vibw2260021-DEL
X-Cache: MISS
X-Cache-Hits: 0
X-Timer: S1772785410.007989,VS0,VE343
Vary: Authorization,Accept-Encoding
Access-Control-Allow-Origin: *
Cross-Origin-Resource-Policy: cross-origin
X-Fastly-Request-ID: 220d7ca9d37888ab53ff818a3fa365ba6b06feba
Expires: Fri, 06 Mar 2026 08:28:30 GMT
Source-Age: 0

]
[2026-03-06 13:53:30,467: ERROR: main: module 'zipfile' has no attribute 'Zipfile']
Traceback (most recent call last):
  File "D:\Personal_projects\ML_OPS\datascienceproject_1\main.py", line 11, in <module>
    data_ingestion.initiate_data_ingestion()
  File "D:\Personal_projects\ML_OPS\datascienceproject_1\src\datascience\pipeline\data_ingestion.py", line 16, in initiate_data_ingestion
    data_ingestion.extract_zip_file()
  File "D:\Personal_projects\ML_OPS\datascienceproject_1\src\datascience\components\data_ingestion.py", line 32, in extract_zip_file
    with zipfile.Zipfile(self.config.local_data_file, 'r') as zip_ref:
         ^^^^^^^^^^^^^^^
AttributeError: module 'zipfile' has no attribute 'Zipfile'
[2026-03-06 13:54:48,736: INFO: main: Welcome to our custom logging datascience project]
[2026-03-06 13:54:48,737: INFO: main: >>>>>> stage Data Ingestion stage started <<<<<<]
[2026-03-06 13:54:48,738: INFO: common: yaml file: config\config.yaml loaded successfully]
[2026-03-06 13:54:48,738: WARNING: common: params.yaml is empty. Returning empty config.]
[2026-03-06 13:54:48,739: WARNING: common: schema.yaml is empty. Returning empty config.]
[2026-03-06 13:54:48,739: INFO: common: created directory at: artifacts]
[2026-03-06 13:54:48,739: INFO: common: created directory at: artifacts/data_ingestion]
[2026-03-06 13:54:48,741: INFO: data_ingestion: File already exist]
[2026-03-06 13:54:48,745: INFO: main: >>>>>> stage Data Ingestion stage completed <<<<<<

x==========x]
[2026-03-06 19:21:18,871: INFO: main: Welcome to our custom logging datascience project]
[2026-03-06 19:21:18,872: INFO: main: >>>>>> stage Data Ingestion stage started <<<<<<]
[2026-03-06 19:21:18,874: INFO: common: yaml file: config\config.yaml loaded successfully]
[2026-03-06 19:21:18,876: WARNING: common: params.yaml is empty. Returning empty config.]
[2026-03-06 19:21:18,878: INFO: common: yaml file: schema.yaml loaded successfully]
[2026-03-06 19:21:18,878: INFO: common: created directory at: artifacts]
[2026-03-06 19:21:18,879: INFO: common: created directory at: artifacts/data_ingestion]
[2026-03-06 19:21:18,879: INFO: data_ingestion: File already exist]
[2026-03-06 19:21:18,885: INFO: main: >>>>>> stage Data Ingestion stage completed <<<<<<

x==========x]
[2026-03-06 19:21:18,886: INFO: main: >>>>>> stage Data Validation stage started <<<<<<]
[2026-03-06 19:21:18,886: INFO: common: yaml file: config\config.yaml loaded successfully]
[2026-03-06 19:21:18,888: WARNING: common: params.yaml is empty. Returning empty config.]
[2026-03-06 19:21:18,889: INFO: common: yaml file: schema.yaml loaded successfully]
[2026-03-06 19:21:18,890: INFO: common: created directory at: artifacts]
[2026-03-06 19:21:18,890: ERROR: main: 'function' object has no attribute 'unzip_data_dir']
Traceback (most recent call last):
  File "D:\Personal_projects\ML_OPS\datascienceproject_1\main.py", line 22, in <module>
    data_ingestion.initiate_data_validation()
  File "D:\Personal_projects\ML_OPS\datascienceproject_1\src\datascience\pipeline\data_validation.py", line 15, in initiate_data_validation
    data_validation.validate_all_columns()
  File "D:\Personal_projects\ML_OPS\datascienceproject_1\src\datascience\components\data_validation.py", line 33, in validate_all_columns
    raise e
  File "D:\Personal_projects\ML_OPS\datascienceproject_1\src\datascience\components\data_validation.py", line 15, in validate_all_columns
    data = pd.read_csv(self.config.unzip_data_dir)
                       ^^^^^^^^^^^^^^^^^^^^^^^^^^
AttributeError: 'function' object has no attribute 'unzip_data_dir'
[2026-03-06 19:23:53,391: INFO: main: Welcome to our custom logging datascience project]
[2026-03-06 19:23:53,391: INFO: main: >>>>>> stage Data Ingestion stage started <<<<<<]
[2026-03-06 19:23:53,391: INFO: common: yaml file: config\config.yaml loaded successfully]
[2026-03-06 19:23:53,396: WARNING: common: params.yaml is empty. Returning empty config.]
[2026-03-06 19:23:53,397: INFO: common: yaml file: schema.yaml loaded successfully]
[2026-03-06 19:23:53,397: INFO: common: created directory at: artifacts]
[2026-03-06 19:23:53,397: INFO: common: created directory at: artifacts/data_ingestion]
[2026-03-06 19:23:53,397: INFO: data_ingestion: File already exist]
[2026-03-06 19:23:53,401: INFO: main: >>>>>> stage Data Ingestion stage completed <<<<<<

x==========x]
[2026-03-06 19:23:53,401: INFO: main: >>>>>> stage Data Validation stage started <<<<<<]
[2026-03-06 19:23:53,404: INFO: common: yaml file: config\config.yaml loaded successfully]
[2026-03-06 19:23:53,404: WARNING: common: params.yaml is empty. Returning empty config.]
[2026-03-06 19:23:53,406: INFO: common: yaml file: schema.yaml loaded successfully]
[2026-03-06 19:23:53,407: INFO: common: created directory at: artifacts]
[2026-03-06 19:23:53,407: INFO: common: created directory at: artifacts/data_validation]
[2026-03-06 19:23:53,425: INFO: main: >>>>>> stage Data Validation stage completed <<<<<<

x==========x]
[2026-03-07 12:25:00,351: INFO: main: Welcome to our custom logging datascience project]
[2026-03-07 12:25:00,352: INFO: main: >>>>>> stage Data Ingestion stage started <<<<<<]
[2026-03-07 12:25:00,354: INFO: common: yaml file: config\config.yaml loaded successfully]
[2026-03-07 12:25:00,355: WARNING: common: params.yaml is empty. Returning empty config.]
[2026-03-07 12:25:00,356: INFO: common: yaml file: schema.yaml loaded successfully]
[2026-03-07 12:25:00,358: INFO: common: created directory at: artifacts]
[2026-03-07 12:25:00,359: INFO: common: created directory at: artifacts/data_ingestion]
[2026-03-07 12:25:00,359: INFO: data_ingestion: File already exist]
[2026-03-07 12:25:00,366: INFO: main: >>>>>> stage Data Ingestion stage completed <<<<<<

x==========x]
[2026-03-07 12:25:00,366: INFO: main: >>>>>> stage Data Validation stage started <<<<<<]
[2026-03-07 12:25:00,369: INFO: common: yaml file: config\config.yaml loaded successfully]
[2026-03-07 12:25:00,370: WARNING: common: params.yaml is empty. Returning empty config.]
[2026-03-07 12:25:00,373: INFO: common: yaml file: schema.yaml loaded successfully]
[2026-03-07 12:25:00,374: INFO: common: created directory at: artifacts]
[2026-03-07 12:25:00,375: INFO: common: created directory at: artifacts/data_validation]
[2026-03-07 12:25:00,394: INFO: main: >>>>>> stage Data Validation stage completed <<<<<<

x==========x]
[2026-03-07 12:25:00,396: INFO: main: >>>>>> stage Data Transformation stage started <<<<<<]
[2026-03-07 12:25:00,396: INFO: main: >>>>>> stage Data Transformation stage completed <<<<<<

x==========x]
[2026-03-07 12:26:38,419: INFO: main: Welcome to our custom logging datascience project]
[2026-03-07 12:26:38,419: INFO: main: >>>>>> stage Data Ingestion stage started <<<<<<]
[2026-03-07 12:26:38,421: INFO: common: yaml file: config\config.yaml loaded successfully]
[2026-03-07 12:26:38,422: WARNING: common: params.yaml is empty. Returning empty config.]
[2026-03-07 12:26:38,423: INFO: common: yaml file: schema.yaml loaded successfully]
[2026-03-07 12:26:38,424: INFO: common: created directory at: artifacts]
[2026-03-07 12:26:38,424: INFO: common: created directory at: artifacts/data_ingestion]
[2026-03-07 12:26:38,424: INFO: data_ingestion: File already exist]
[2026-03-07 12:26:38,428: INFO: main: >>>>>> stage Data Ingestion stage completed <<<<<<

x==========x]
[2026-03-07 12:26:38,428: INFO: main: >>>>>> stage Data Validation stage started <<<<<<]
[2026-03-07 12:26:38,429: INFO: common: yaml file: config\config.yaml loaded successfully]
[2026-03-07 12:26:38,431: WARNING: common: params.yaml is empty. Returning empty config.]
[2026-03-07 12:26:38,432: INFO: common: yaml file: schema.yaml loaded successfully]
[2026-03-07 12:26:38,433: INFO: common: created directory at: artifacts]
[2026-03-07 12:26:38,433: INFO: common: created directory at: artifacts/data_validation]
[2026-03-07 12:26:38,447: INFO: main: >>>>>> stage Data Validation stage completed <<<<<<

x==========x]
[2026-03-07 12:26:38,447: INFO: main: >>>>>> stage Data Transformation stage started <<<<<<]
[2026-03-07 12:26:38,449: INFO: common: yaml file: config\config.yaml loaded successfully]
[2026-03-07 12:26:38,449: WARNING: common: params.yaml is empty. Returning empty config.]
[2026-03-07 12:26:38,450: INFO: common: yaml file: schema.yaml loaded successfully]
[2026-03-07 12:26:38,451: INFO: common: created directory at: artifacts]
[2026-03-07 12:26:38,452: INFO: common: created directory at: artifacts/data_transformation]
[2026-03-07 12:26:38,472: INFO: data_transformation: Splitting data into training and test sets]
[2026-03-07 12:26:38,472: INFO: data_transformation: (1199, 12)]
[2026-03-07 12:26:38,472: INFO: data_transformation: (400, 12)]
[2026-03-07 12:26:38,472: INFO: main: >>>>>> stage Data Transformation stage completed <<<<<<

x==========x]
